<?xml version="1.0" encoding="UTF-8"?>
<testng-results ignored="0" total="1" passed="1" failed="0" skipped="0">
  <reporter-output>
  </reporter-output>
  <suite started-at="2024-04-30T15:18:09 EET" name="Default suite" finished-at="2024-04-30T15:18:31 EET" duration-ms="22346">
    <groups>
    </groups>
    <test started-at="2024-04-30T15:18:09 EET" name="Default test" finished-at="2024-04-30T15:18:31 EET" duration-ms="22346">
      <class name="GiftCardPage.buyGiftCard">
        <test-method is-config="true" signature="setup()[pri:0, instance:GiftCardPage.buyGiftCard@28e8dde3]" started-at="2024-04-30T15:18:09 EET" name="setup" finished-at="2024-04-30T15:18:16 EET" duration-ms="7021" status="PASS">
          <reporter-output>
          </reporter-output>
        </test-method> <!-- setup -->
        <test-method signature="buyGiftCardProcess()[pri:0, instance:GiftCardPage.buyGiftCard@28e8dde3]" started-at="2024-04-30T15:18:16 EET" name="buyGiftCardProcess" finished-at="2024-04-30T15:18:31 EET" duration-ms="15298" status="PASS">
          <reporter-output>
          </reporter-output>
        </test-method> <!-- buyGiftCardProcess -->
      </class> <!-- GiftCardPage.buyGiftCard -->
    </test> <!-- Default test -->
  </suite> <!-- Default suite -->
</testng-results>
